Using pre-set license
Built from '2021.3/china_unity/release' branch; Version is '2021.3.29f1c1 (0b77087ad835) revision 751368'; Using compiler version '192829333'; Build Type 'Release'
OS: 'Windows 11  (10.0.22621) 64bit CoreCountrySpecific' Language: 'zh' Physical Memory: 15741 MB
BatchMode: 1, IsHumanControllingUs: 0, StartBugReporterOnCrash: 0, Is64bit: 1, IsPro: 1

COMMAND LINE ARGUMENTS:
D:\Unity\2021.3.29f1c1\Editor\Unity.exe
-adb2
-batchMode
-noUpm
-name
AssetImportWorker2
-projectPath
E:/Geometry-Rush
-logFile
Logs/AssetImportWorker2.log
-srvPort
11842
Successfully changed project path to: E:/Geometry-Rush
E:/Geometry-Rush
[UnityMemory] Configuration Parameters - Can be set up in boot.config
    "memorysetup-bucket-allocator-granularity=16"
    "memorysetup-bucket-allocator-bucket-count=8"
    "memorysetup-bucket-allocator-block-size=33554432"
    "memorysetup-bucket-allocator-block-count=8"
    "memorysetup-main-allocator-block-size=16777216"
    "memorysetup-thread-allocator-block-size=16777216"
    "memorysetup-gfx-main-allocator-block-size=16777216"
    "memorysetup-gfx-thread-allocator-block-size=16777216"
    "memorysetup-cache-allocator-block-size=4194304"
    "memorysetup-typetree-allocator-block-size=2097152"
    "memorysetup-profiler-bucket-allocator-granularity=16"
    "memorysetup-profiler-bucket-allocator-bucket-count=8"
    "memorysetup-profiler-bucket-allocator-block-size=33554432"
    "memorysetup-profiler-bucket-allocator-block-count=8"
    "memorysetup-profiler-allocator-block-size=16777216"
    "memorysetup-profiler-editor-allocator-block-size=1048576"
    "memorysetup-temp-allocator-size-main=16777216"
    "memorysetup-job-temp-allocator-block-size=2097152"
    "memorysetup-job-temp-allocator-block-size-background=1048576"
    "memorysetup-job-temp-allocator-reduction-small-platforms=262144"
    "memorysetup-temp-allocator-size-background-worker=32768"
    "memorysetup-temp-allocator-size-job-worker=262144"
    "memorysetup-temp-allocator-size-preload-manager=33554432"
    "memorysetup-temp-allocator-size-nav-mesh-worker=65536"
    "memorysetup-temp-allocator-size-audio-worker=65536"
    "memorysetup-temp-allocator-size-cloud-worker=32768"
    "memorysetup-temp-allocator-size-gi-baking-worker=262144"
    "memorysetup-temp-allocator-size-gfx=262144"
Player connection [19940] Host "[IP] 192.168.0.220 [Port] 0 [Flags] 2 [Guid] 4219957708 [EditorId] 4219957708 [Version] 1048832 [Id] WindowsEditor(7,AYINZHANG-NB2) [Debug] 1 [PackageName] WindowsEditor [ProjectName] Editor" joined multi-casting on [225.0.0.222:54997]...

Player connection [19940] Host "[IP] 192.168.0.220 [Port] 0 [Flags] 2 [Guid] 4219957708 [EditorId] 4219957708 [Version] 1048832 [Id] WindowsEditor(7,AYINZHANG-NB2) [Debug] 1 [PackageName] WindowsEditor [ProjectName] Editor" joined alternative multi-casting on [225.0.0.222:34997]...

AS: AutoStreaming module initializing.
Refreshing native plugins compatible for Editor in 94.80 ms, found 3 plugins.
Preloading 0 native plugins for Editor in 0.00 ms.
Initialize engine version: 2021.3.29f1c1 (0b77087ad835)
[Subsystems] Discovering subsystems at path D:/Unity/2021.3.29f1c1/Editor/Data/Resources/UnitySubsystems
[Subsystems] Discovering subsystems at path E:/Geometry-Rush/Assets
GfxDevice: creating device client; threaded=0; jobified=0
Direct3D:
    Version:  Direct3D 11.0 [level 11.1]
    Renderer: NVIDIA GeForce GTX 1650 (ID=0x1f99)
    Vendor:   NVIDIA
    VRAM:     3950 MB
    Driver:   31.0.15.3114
Initialize mono
Mono path[0] = 'D:/Unity/2021.3.29f1c1/Editor/Data/Managed'
Mono path[1] = 'D:/Unity/2021.3.29f1c1/Editor/Data/MonoBleedingEdge/lib/mono/unityjit-win32'
Mono config path = 'D:/Unity/2021.3.29f1c1/Editor/Data/MonoBleedingEdge/etc'
Using monoOptions --debugger-agent=transport=dt_socket,embedding=1,server=y,suspend=n,address=127.0.0.1:56856
Begin MonoManager ReloadAssembly
Registering precompiled unity dll's ...
Register platform support module: D:/Unity/2021.3.29f1c1/Editor/Data/PlaybackEngines/AndroidPlayer/UnityEditor.Android.Extensions.dll
Register platform support module: D:/Unity/2021.3.29f1c1/Editor/Data/PlaybackEngines/WindowsStandaloneSupport/UnityEditor.WindowsStandalone.Extensions.dll
Registered in 0.002645 seconds.
Native extension for WindowsStandalone target not found
Native extension for Android target not found
Android Extension - Scanning For ADB Devices 346 ms
Refreshing native plugins compatible for Editor in 93.54 ms, found 3 plugins.
Preloading 0 native plugins for Editor in 0.00 ms.
Mono: successfully reloaded assembly
- Completed reload, in  1.005 seconds
Domain Reload Profiling:
	ReloadAssembly (1006ms)
		BeginReloadAssembly (76ms)
			ExecutionOrderSort (0ms)
			DisableScriptedObjects (0ms)
			BackupInstance (0ms)
			ReleaseScriptingObjects (0ms)
			CreateAndSetChildDomain (1ms)
		EndReloadAssembly (830ms)
			LoadAssemblies (73ms)
			RebuildTransferFunctionScriptingTraits (0ms)
			SetupTypeCache (103ms)
			ReleaseScriptCaches (0ms)
			RebuildScriptCaches (29ms)
			SetupLoadedEditorAssemblies (643ms)
				LogAssemblyErrors (0ms)
				InitializePlatformSupportModulesInManaged (426ms)
				SetLoadedEditorAssemblies (0ms)
				RefreshPlugins (94ms)
				BeforeProcessingInitializeOnLoad (1ms)
				ProcessInitializeOnLoadAttributes (80ms)
				ProcessInitializeOnLoadMethodAttributes (42ms)
				AfterProcessingInitializeOnLoad (0ms)
				EditorAssembliesLoaded (0ms)
			ExecutionOrderSort2 (0ms)
			AwakeInstancesAfterBackupRestoration (0ms)
Platform modules already initialized, skipping
Registering precompiled user dll's ...
Registered in 0.008810 seconds.
Begin MonoManager ReloadAssembly
Symbol file LoadedFromMemory doesn't match image E:\Geometry-Rush\Library\PackageCache\com.unity.visualscripting@1.8.0\Editor\VisualScripting.Core\Dependencies\YamlDotNet\Unity.VisualScripting.YamlDotNet.dll
Symbol file LoadedFromMemory doesn't match image E:\Geometry-Rush\Library\PackageCache\com.unity.visualscripting@1.8.0\Editor\VisualScripting.Core\Dependencies\DotNetZip\Unity.VisualScripting.IonicZip.dll
Native extension for WindowsStandalone target not found
Native extension for Android target not found
Refreshing native plugins compatible for Editor in 96.82 ms, found 3 plugins.
Preloading 0 native plugins for Editor in 0.00 ms.
Mono: successfully reloaded assembly
- Completed reload, in  1.135 seconds
Domain Reload Profiling:
	ReloadAssembly (1136ms)
		BeginReloadAssembly (110ms)
			ExecutionOrderSort (0ms)
			DisableScriptedObjects (5ms)
			BackupInstance (0ms)
			ReleaseScriptingObjects (0ms)
			CreateAndSetChildDomain (22ms)
		EndReloadAssembly (922ms)
			LoadAssemblies (81ms)
			RebuildTransferFunctionScriptingTraits (0ms)
			SetupTypeCache (237ms)
			ReleaseScriptCaches (1ms)
			RebuildScriptCaches (61ms)
			SetupLoadedEditorAssemblies (495ms)
				LogAssemblyErrors (0ms)
				InitializePlatformSupportModulesInManaged (19ms)
				SetLoadedEditorAssemblies (0ms)
				RefreshPlugins (97ms)
				BeforeProcessingInitializeOnLoad (95ms)
				ProcessInitializeOnLoadAttributes (201ms)
				ProcessInitializeOnLoadMethodAttributes (76ms)
				AfterProcessingInitializeOnLoad (6ms)
				EditorAssembliesLoaded (0ms)
			ExecutionOrderSort2 (0ms)
			AwakeInstancesAfterBackupRestoration (6ms)
Platform modules already initialized, skipping
========================================================================
Worker process is ready to serve import requests
Launched and connected shader compiler UnityShaderCompiler.exe after 0.05 seconds
Refreshing native plugins compatible for Editor in 0.82 ms, found 3 plugins.
Preloading 0 native plugins for Editor in 0.00 ms.
Unloading 4735 Unused Serialized files (Serialized files now loaded: 0)
Unloading 31 unused Assets / (0.7 MB). Loaded Objects now: 5198.
Memory consumption went from 196.7 MB to 196.0 MB.
Total: 4.004300 ms (FindLiveObjects: 0.505100 ms CreateObjectMapping: 0.250100 ms MarkObjects: 2.928800 ms  DeleteObjects: 0.318600 ms)

AssetImportParameters requested are different than current active one (requested -> active):
  custom:video-decoder-ogg-theora: a1e56fd34408186e4bbccfd4996cb3dc -> 
  custom:container-muxer-webm: aa71ff27fc2769a1b78a27578f13a17b -> 
  custom:container-demuxer-webm: 4f35f7cbe854078d1ac9338744f61a02 -> 
  custom:video-encoder-webm-vp8: eb34c28f22e8b96e1ab97ce403110664 -> 
  custom:video-codec-MediaFoundation-h265: 746d11721c4dcdbdad8f713fa42b33f4 -> 
  custom:CustomObjectIndexerAttribute: 6b0e35c9178b02a6363f3721b7b8e397 -> 
  custom:audio-encoder-webm-vorbis: bf7c407c2cedff20999df2af8eb42d56 -> 
  custom:framework-win-MediaFoundation: 216162199b28c13a410421893ffa2e32 -> 
  custom:container-demuxer-ogg: 62fdf1f143b41e24485cea50d1cbac27 -> 
  custom:video-decoder-webm-vp8: 9c59270c3fd7afecdb556c50c9e8de78 -> 
  custom:audio-decoder-ogg-vorbis: bf7c407c2cedff20999df2af8eb42d56 -> 
========================================================================
Received Import Request.
  Time since last request: 668607.058449 seconds.
  path: Assets/Hovl Studio/AAA Projectiles Vol 1/Prefabs/Flash 27.prefab
  artifactKey: Guid(28538e5931854494fbe4d98d2d4cd548) Importer(815301076,1909f56bfc062723c751e8b465ee728b)
Start importing Assets/Hovl Studio/AAA Projectiles Vol 1/Prefabs/Flash 27.prefab using Guid(28538e5931854494fbe4d98d2d4cd548) Importer(815301076,1909f56bfc062723c751e8b465ee728b)  -> (artifact id: '9cd2ff4f54569d21bea5c8d90f0c3d33') in 0.062326 seconds 
========================================================================
Received Import Request.
  Time since last request: 0.000055 seconds.
  path: Assets/Hovl Studio/AAA Projectiles Vol 1/Prefabs/Hit 16.prefab
  artifactKey: Guid(cd5def2bb4f6b4e4ab15ba0b6f35b29d) Importer(815301076,1909f56bfc062723c751e8b465ee728b)
Start importing Assets/Hovl Studio/AAA Projectiles Vol 1/Prefabs/Hit 16.prefab using Guid(cd5def2bb4f6b4e4ab15ba0b6f35b29d) Importer(815301076,1909f56bfc062723c751e8b465ee728b)  -> (artifact id: '0a2e1c7647f011fdbb4171df6796597f') in 0.007103 seconds 
========================================================================
Received Import Request.
  Time since last request: 0.000079 seconds.
  path: Assets/Hovl Studio/AAA Projectiles Vol 1/Prefabs/Hit 5.prefab
  artifactKey: Guid(33cfc2755a55b7e4c86c9d7018efbaaa) Importer(815301076,1909f56bfc062723c751e8b465ee728b)
Start importing Assets/Hovl Studio/AAA Projectiles Vol 1/Prefabs/Hit 5.prefab using Guid(33cfc2755a55b7e4c86c9d7018efbaaa) Importer(815301076,1909f56bfc062723c751e8b465ee728b)  -> (artifact id: '4af22f376e18835fd8c17e6e6be909a5') in 0.005158 seconds 
========================================================================
Received Import Request.
  Time since last request: 0.000042 seconds.
  path: Assets/Hovl Studio/AAA Projectiles Vol 1/Prefabs/Hit 12.prefab
  artifactKey: Guid(ab764946428361d499eb0f88769e33b7) Importer(815301076,1909f56bfc062723c751e8b465ee728b)
Start importing Assets/Hovl Studio/AAA Projectiles Vol 1/Prefabs/Hit 12.prefab using Guid(ab764946428361d499eb0f88769e33b7) Importer(815301076,1909f56bfc062723c751e8b465ee728b)  -> (artifact id: '464dc07b3890cf9d195eb5439220b660') in 0.008249 seconds 
========================================================================
Received Import Request.
  Time since last request: 0.000039 seconds.
  path: Assets/Hovl Studio/AAA Projectiles Vol 1/Prefabs/Hit 14.prefab
  artifactKey: Guid(3aa0fab185f378240b831342bde74b26) Importer(815301076,1909f56bfc062723c751e8b465ee728b)
Start importing Assets/Hovl Studio/AAA Projectiles Vol 1/Prefabs/Hit 14.prefab using Guid(3aa0fab185f378240b831342bde74b26) Importer(815301076,1909f56bfc062723c751e8b465ee728b)  -> (artifact id: 'b3d9d4e20125e81f7dde0d1da5d653a8') in 0.004608 seconds 
========================================================================
Received Import Request.
  Time since last request: 309.532755 seconds.
  path: Assets/Hovl Studio/AAA Projectiles Vol 1/Materials/Point12cg.mat
  artifactKey: Guid(9aaa13d175bcf1c4b8acc4d930ee06ee) Importer(815301076,1909f56bfc062723c751e8b465ee728b)
Start importing Assets/Hovl Studio/AAA Projectiles Vol 1/Materials/Point12cg.mat using Guid(9aaa13d175bcf1c4b8acc4d930ee06ee) Importer(815301076,1909f56bfc062723c751e8b465ee728b)  -> (artifact id: '6624cd5bca2a64d49c70c4836b80d55e') in 0.005338 seconds 
========================================================================
Received Import Request.
  Time since last request: 83.821733 seconds.
  path: Assets/Hovl Studio/AAA Projectiles Vol 1/Demo scenes
  artifactKey: Guid(c91658c11d664e34790852bb0af3d3e2) Importer(815301076,1909f56bfc062723c751e8b465ee728b)
Start importing Assets/Hovl Studio/AAA Projectiles Vol 1/Demo scenes using Guid(c91658c11d664e34790852bb0af3d3e2) Importer(815301076,1909f56bfc062723c751e8b465ee728b)  -> (artifact id: '3cad89e6923f340dd21c9fd6c705c726') in 0.001679 seconds 
========================================================================
Received Import Request.
  Time since last request: 0.071376 seconds.
  path: Assets/Hovl Studio/AAA Projectiles Vol 1/Demo scenes/LightingData.asset
  artifactKey: Guid(50611382ffa50c54a944ab4b11b5f311) Importer(815301076,1909f56bfc062723c751e8b465ee728b)
Start importing Assets/Hovl Studio/AAA Projectiles Vol 1/Demo scenes/LightingData.asset using Guid(50611382ffa50c54a944ab4b11b5f311) Importer(815301076,1909f56bfc062723c751e8b465ee728b)  -> (artifact id: '95cdfdfccf8f2841324f6ecae37bb580') in 0.005479 seconds 
========================================================================
Received Import Request.
  Time since last request: 0.008938 seconds.
  path: Assets/Hovl Studio/AAA Projectiles Vol 1/Demo scenes/Lightmap-1_comp_light.exr
  artifactKey: Guid(231f20cb5603bff409380ec0b03baf96) Importer(815301076,1909f56bfc062723c751e8b465ee728b)
Start importing Assets/Hovl Studio/AAA Projectiles Vol 1/Demo scenes/Lightmap-1_comp_light.exr using Guid(231f20cb5603bff409380ec0b03baf96) Importer(815301076,1909f56bfc062723c751e8b465ee728b)  -> (artifact id: 'ee52393c170102a4c722ba87f50e79da') in 0.013378 seconds 
========================================================================
Received Import Request.
  Time since last request: 0.000023 seconds.
  path: Assets/Hovl Studio/AAA Projectiles Vol 1/Demo scenes/Lightmap-2_comp_light.exr
  artifactKey: Guid(35c320ad9e9dc0d40bfa81b6cd7e2e8d) Importer(815301076,1909f56bfc062723c751e8b465ee728b)
Start importing Assets/Hovl Studio/AAA Projectiles Vol 1/Demo scenes/Lightmap-2_comp_light.exr using Guid(35c320ad9e9dc0d40bfa81b6cd7e2e8d) Importer(815301076,1909f56bfc062723c751e8b465ee728b)  -> (artifact id: 'b5cf84e2c90d297efce3feccabb273e1') in 0.005654 seconds 
========================================================================
Received Import Request.
  Time since last request: 0.000028 seconds.
  path: Assets/Hovl Studio/AAA Projectiles Vol 1/Demo scenes/ReflectionProbe-0.exr
  artifactKey: Guid(eea823e4f8384c043ac514026f3ac126) Importer(815301076,1909f56bfc062723c751e8b465ee728b)
Start importing Assets/Hovl Studio/AAA Projectiles Vol 1/Demo scenes/ReflectionProbe-0.exr using Guid(eea823e4f8384c043ac514026f3ac126) Importer(815301076,1909f56bfc062723c751e8b465ee728b)  -> (artifact id: 'e2564853c4f836a04e9c05e6fd370bf5') in 0.003480 seconds 
========================================================================
Received Import Request.
  Time since last request: 0.000027 seconds.
  path: Assets/Hovl Studio/AAA Projectiles Vol 1/Demo scenes/Lightmap-0_comp_light.exr
  artifactKey: Guid(bedbfe6fe9ff7914aad490bf2e9e3283) Importer(815301076,1909f56bfc062723c751e8b465ee728b)
Start importing Assets/Hovl Studio/AAA Projectiles Vol 1/Demo scenes/Lightmap-0_comp_light.exr using Guid(bedbfe6fe9ff7914aad490bf2e9e3283) Importer(815301076,1909f56bfc062723c751e8b465ee728b)  -> (artifact id: '259f50e64d3dab5e013c5d169dbd685a') in 0.003153 seconds 
========================================================================
Received Import Request.
  Time since last request: 2.503801 seconds.
  path: Assets/Hovl Studio/AAA Projectiles Vol 1/Demo scenes/Demo projectiles(Full particles).unity
  artifactKey: Guid(d77992b5fd5ef82498c6286aa500bdd6) Importer(815301076,1909f56bfc062723c751e8b465ee728b)
Start importing Assets/Hovl Studio/AAA Projectiles Vol 1/Demo scenes/Demo projectiles(Full particles).unity using Guid(d77992b5fd5ef82498c6286aa500bdd6) Importer(815301076,1909f56bfc062723c751e8b465ee728b)  -> (artifact id: '358ed5e0075634e13082c5f32964f678') in 0.001888 seconds 
========================================================================
Received Import Request.
  Time since last request: 16.160428 seconds.
  path: Assets/Hovl Studio/AAA Projectiles Vol 1/Materials
  artifactKey: Guid(f3add86917467a4438cee574418d67c5) Importer(815301076,1909f56bfc062723c751e8b465ee728b)
Start importing Assets/Hovl Studio/AAA Projectiles Vol 1/Materials using Guid(f3add86917467a4438cee574418d67c5) Importer(815301076,1909f56bfc062723c751e8b465ee728b)  -> (artifact id: 'b7140902846aeae5c093385fc58ab86b') in 0.001867 seconds 
========================================================================
Received Import Request.
  Time since last request: 0.070863 seconds.
  path: Assets/Hovl Studio/AAA Projectiles Vol 1/Materials/Additive.mat
  artifactKey: Guid(8f7260ae490a6f64e97398d880b66e55) Importer(815301076,1909f56bfc062723c751e8b465ee728b)
Start importing Assets/Hovl Studio/AAA Projectiles Vol 1/Materials/Additive.mat using Guid(8f7260ae490a6f64e97398d880b66e55) Importer(815301076,1909f56bfc062723c751e8b465ee728b)  -> (artifact id: '8abf6b1194faeb5d1cc5b30c578eacad') in 0.002586 seconds 
========================================================================
Received Import Request.
  Time since last request: 0.000034 seconds.
  path: Assets/Hovl Studio/AAA Projectiles Vol 1/Materials/Circle17cg.mat
  artifactKey: Guid(f75fa4eaa4fda8c4d91ab4fefcdb3d0c) Importer(815301076,1909f56bfc062723c751e8b465ee728b)
Start importing Assets/Hovl Studio/AAA Projectiles Vol 1/Materials/Circle17cg.mat using Guid(f75fa4eaa4fda8c4d91ab4fefcdb3d0c) Importer(815301076,1909f56bfc062723c751e8b465ee728b)  -> (artifact id: '72b1de9f60077e6f5790dfe52b9de6c3') in 0.002796 seconds 
========================================================================
Received Import Request.
  Time since last request: 0.000027 seconds.
  path: Assets/Hovl Studio/AAA Projectiles Vol 1/Materials/Crater14bcg.mat
  artifactKey: Guid(0b3b87181748ffc4f9b80c25a3b18d91) Importer(815301076,1909f56bfc062723c751e8b465ee728b)
Start importing Assets/Hovl Studio/AAA Projectiles Vol 1/Materials/Crater14bcg.mat using Guid(0b3b87181748ffc4f9b80c25a3b18d91) Importer(815301076,1909f56bfc062723c751e8b465ee728b)  -> (artifact id: '5cc8a0c85acb91bedea2fe6088bb80e5') in 0.002370 seconds 
========================================================================
Received Import Request.
  Time since last request: 0.000024 seconds.
  path: Assets/Hovl Studio/AAA Projectiles Vol 1/Materials/Flare4cg.mat
  artifactKey: Guid(8a6e728ea97b2bf4399f7190a57a3735) Importer(815301076,1909f56bfc062723c751e8b465ee728b)
Start importing Assets/Hovl Studio/AAA Projectiles Vol 1/Materials/Flare4cg.mat using Guid(8a6e728ea97b2bf4399f7190a57a3735) Importer(815301076,1909f56bfc062723c751e8b465ee728b)  -> (artifact id: 'c4e90f4871cbf540570403b426a1209f') in 0.002866 seconds 
========================================================================
Received Import Request.
  Time since last request: 0.000026 seconds.
  path: Assets/Hovl Studio/AAA Projectiles Vol 1/Materials/Flash18cg.mat
  artifactKey: Guid(a365f93e2a7c5884c8445913051f42d0) Importer(815301076,1909f56bfc062723c751e8b465ee728b)
Start importing Assets/Hovl Studio/AAA Projectiles Vol 1/Materials/Flash18cg.mat using Guid(a365f93e2a7c5884c8445913051f42d0) Importer(815301076,1909f56bfc062723c751e8b465ee728b)  -> (artifact id: '2624863cd3e85d4f637f21670c604f16') in 0.002781 seconds 
========================================================================
Received Import Request.
  Time since last request: 0.000027 seconds.
  path: Assets/Hovl Studio/AAA Projectiles Vol 1/Materials/Dagger2bcg.mat
  artifactKey: Guid(5f6167e3c98e43549b91f961beaab14c) Importer(815301076,1909f56bfc062723c751e8b465ee728b)
Start importing Assets/Hovl Studio/AAA Projectiles Vol 1/Materials/Dagger2bcg.mat using Guid(5f6167e3c98e43549b91f961beaab14c) Importer(815301076,1909f56bfc062723c751e8b465ee728b)  -> (artifact id: '8184da739c884235e18c192328bb659b') in 0.002493 seconds 
========================================================================
Received Import Request.
  Time since last request: 0.000023 seconds.
  path: Assets/Hovl Studio/AAA Projectiles Vol 1/Materials/Aura3bcg.mat
  artifactKey: Guid(6527cb22ac047e141897b4ac1466e356) Importer(815301076,1909f56bfc062723c751e8b465ee728b)
Start importing Assets/Hovl Studio/AAA Projectiles Vol 1/Materials/Aura3bcg.mat using Guid(6527cb22ac047e141897b4ac1466e356) Importer(815301076,1909f56bfc062723c751e8b465ee728b)  -> (artifact id: 'c09ecfb19192a1d4be37cb8acc1f6986') in 0.002227 seconds 
========================================================================
Received Import Request.
  Time since last request: 0.000031 seconds.
  path: Assets/Hovl Studio/AAA Projectiles Vol 1/Materials/Arrow6bcg.mat
  artifactKey: Guid(ed60593b91fad7941812dc8476fa8d7a) Importer(815301076,1909f56bfc062723c751e8b465ee728b)
Start importing Assets/Hovl Studio/AAA Projectiles Vol 1/Materials/Arrow6bcg.mat using Guid(ed60593b91fad7941812dc8476fa8d7a) Importer(815301076,1909f56bfc062723c751e8b465ee728b)  -> (artifact id: 'ef8b97651e7af8ae0e6412c81291563e') in 0.002605 seconds 
========================================================================
Received Import Request.
  Time since last request: 0.000026 seconds.
  path: Assets/Hovl Studio/AAA Projectiles Vol 1/Materials/Circle18cg.mat
  artifactKey: Guid(ca370df8d8c80334e91ddb011e79085a) Importer(815301076,1909f56bfc062723c751e8b465ee728b)
Start importing Assets/Hovl Studio/AAA Projectiles Vol 1/Materials/Circle18cg.mat using Guid(ca370df8d8c80334e91ddb011e79085a) Importer(815301076,1909f56bfc062723c751e8b465ee728b)  -> (artifact id: '9ba13bcb231e31fe82d63b719640e83b') in 0.002664 seconds 
========================================================================
Received Import Request.
  Time since last request: 0.000025 seconds.
  path: Assets/Hovl Studio/AAA Projectiles Vol 1/Materials/Flare6cg.mat
  artifactKey: Guid(82f16bfe1d124c54e877ead985da0dc0) Importer(815301076,1909f56bfc062723c751e8b465ee728b)
Start importing Assets/Hovl Studio/AAA Projectiles Vol 1/Materials/Flare6cg.mat using Guid(82f16bfe1d124c54e877ead985da0dc0) Importer(815301076,1909f56bfc062723c751e8b465ee728b)  -> (artifact id: 'd80232a2f8d4a503531291e47c5ab9ae') in 0.002441 seconds 
========================================================================
Received Import Request.
  Time since last request: 4.727658 seconds.
  path: Assets/Hovl Studio/AAA Projectiles Vol 1/Materials/Flash21bcg.mat
  artifactKey: Guid(7dad299f9caed054ea10097fd11f0a54) Importer(815301076,1909f56bfc062723c751e8b465ee728b)
Start importing Assets/Hovl Studio/AAA Projectiles Vol 1/Materials/Flash21bcg.mat using Guid(7dad299f9caed054ea10097fd11f0a54) Importer(815301076,1909f56bfc062723c751e8b465ee728b)  -> (artifact id: '9160b52cf743b2d27951a2e26ccdb0f8') in 0.002455 seconds 
========================================================================
Received Import Request.
  Time since last request: 0.000025 seconds.
  path: Assets/Hovl Studio/AAA Projectiles Vol 1/Materials/Gray.mat
  artifactKey: Guid(bc78c7fb5bbc34141ab039dc9e9142a6) Importer(815301076,1909f56bfc062723c751e8b465ee728b)
Start importing Assets/Hovl Studio/AAA Projectiles Vol 1/Materials/Gray.mat using Guid(bc78c7fb5bbc34141ab039dc9e9142a6) Importer(815301076,1909f56bfc062723c751e8b465ee728b)  -> (artifact id: '2a421c19ee19ef4fa0dd150211fae8ea') in 0.002239 seconds 
========================================================================
Received Import Request.
  Time since last request: 0.142266 seconds.
  path: Assets/Hovl Studio/AAA Projectiles Vol 1/Materials/HPL2cg.mat
  artifactKey: Guid(1b5f613319e0f324c9637cfac64149e4) Importer(815301076,1909f56bfc062723c751e8b465ee728b)
Start importing Assets/Hovl Studio/AAA Projectiles Vol 1/Materials/HPL2cg.mat using Guid(1b5f613319e0f324c9637cfac64149e4) Importer(815301076,1909f56bfc062723c751e8b465ee728b)  -> (artifact id: 'e4104f3bcb4b1caa5fedca02d0b15b52') in 0.002579 seconds 
========================================================================
Received Import Request.
  Time since last request: 0.000026 seconds.
  path: Assets/Hovl Studio/AAA Projectiles Vol 1/Materials/MuzzleFlash2bcg.mat
  artifactKey: Guid(dec45a67c4f21f642b99f0aa0f9ad488) Importer(815301076,1909f56bfc062723c751e8b465ee728b)
Start importing Assets/Hovl Studio/AAA Projectiles Vol 1/Materials/MuzzleFlash2bcg.mat using Guid(dec45a67c4f21f642b99f0aa0f9ad488) Importer(815301076,1909f56bfc062723c751e8b465ee728b)  -> (artifact id: '542e8fab29e65b9f70b09cae317f98e6') in 0.002531 seconds 
========================================================================
Received Import Request.
  Time since last request: 0.000024 seconds.
  path: Assets/Hovl Studio/AAA Projectiles Vol 1/Materials/Noise34cg.mat
  artifactKey: Guid(6f0dbf05a167b4c41996065a21a27e92) Importer(815301076,1909f56bfc062723c751e8b465ee728b)
Start importing Assets/Hovl Studio/AAA Projectiles Vol 1/Materials/Noise34cg.mat using Guid(6f0dbf05a167b4c41996065a21a27e92) Importer(815301076,1909f56bfc062723c751e8b465ee728b)  -> (artifact id: '265db5956ec740674763ce513da79209') in 0.002724 seconds 
========================================================================
Received Import Request.
  Time since last request: 0.000027 seconds.
  path: Assets/Hovl Studio/AAA Projectiles Vol 1/Materials/Point5cg.mat
  artifactKey: Guid(85455188b71fea741bd0b80cbe893384) Importer(815301076,1909f56bfc062723c751e8b465ee728b)
Start importing Assets/Hovl Studio/AAA Projectiles Vol 1/Materials/Point5cg.mat using Guid(85455188b71fea741bd0b80cbe893384) Importer(815301076,1909f56bfc062723c751e8b465ee728b)  -> (artifact id: '9e0260a868deb2a4e4113b46e898c281') in 0.002220 seconds 
========================================================================
Received Import Request.
  Time since last request: 0.270244 seconds.
  path: Assets/Hovl Studio/AAA Projectiles Vol 1/Materials/Romb3cg.mat
  artifactKey: Guid(c10ff1214bc1c924182ac2e22d4f5cda) Importer(815301076,1909f56bfc062723c751e8b465ee728b)
Start importing Assets/Hovl Studio/AAA Projectiles Vol 1/Materials/Romb3cg.mat using Guid(c10ff1214bc1c924182ac2e22d4f5cda) Importer(815301076,1909f56bfc062723c751e8b465ee728b)  -> (artifact id: '65cf43e8820fc76234e5920dbfa80c21') in 0.002318 seconds 
========================================================================
Received Import Request.
  Time since last request: 0.000024 seconds.
  path: Assets/Hovl Studio/AAA Projectiles Vol 1/Materials/Smoke3bcg.mat
  artifactKey: Guid(4ab4d8a07632c5046b006df23dc00374) Importer(815301076,1909f56bfc062723c751e8b465ee728b)
Start importing Assets/Hovl Studio/AAA Projectiles Vol 1/Materials/Smoke3bcg.mat using Guid(4ab4d8a07632c5046b006df23dc00374) Importer(815301076,1909f56bfc062723c751e8b465ee728b)  -> (artifact id: 'a7e0ddf081af7e7c6a09eed6d3618092') in 0.002488 seconds 
========================================================================
Received Import Request.
  Time since last request: 0.132139 seconds.
  path: Assets/Hovl Studio/AAA Projectiles Vol 1/Materials/Smoke12cg.mat
  artifactKey: Guid(702a250bb24700c4fb4a74b638bf5f2f) Importer(815301076,1909f56bfc062723c751e8b465ee728b)
Start importing Assets/Hovl Studio/AAA Projectiles Vol 1/Materials/Smoke12cg.mat using Guid(702a250bb24700c4fb4a74b638bf5f2f) Importer(815301076,1909f56bfc062723c751e8b465ee728b)  -> (artifact id: '3eda0d529ad54ced136e3365db1e0443') in 0.002984 seconds 
========================================================================
Received Import Request.
  Time since last request: 0.000023 seconds.
  path: Assets/Hovl Studio/AAA Projectiles Vol 1/Materials/Trail22cg.mat
  artifactKey: Guid(7154a27ca4f209047bbd02657bbbc16c) Importer(815301076,1909f56bfc062723c751e8b465ee728b)
Start importing Assets/Hovl Studio/AAA Projectiles Vol 1/Materials/Trail22cg.mat using Guid(7154a27ca4f209047bbd02657bbbc16c) Importer(815301076,1909f56bfc062723c751e8b465ee728b)  -> (artifact id: '553de858940ddbbf892c5bb18653c21a') in 0.002449 seconds 
========================================================================
Received Import Request.
  Time since last request: 0.000022 seconds.
  path: Assets/Hovl Studio/AAA Projectiles Vol 1/Materials/Snow4cg.mat
  artifactKey: Guid(14d86213d7eb66d488a487dc38bc79d1) Importer(815301076,1909f56bfc062723c751e8b465ee728b)
Start importing Assets/Hovl Studio/AAA Projectiles Vol 1/Materials/Snow4cg.mat using Guid(14d86213d7eb66d488a487dc38bc79d1) Importer(815301076,1909f56bfc062723c751e8b465ee728b)  -> (artifact id: 'e60e328c02f8f3120e5b6ac82596c5a7') in 0.002835 seconds 
========================================================================
Received Import Request.
  Time since last request: 0.000025 seconds.
  path: Assets/Hovl Studio/AAA Projectiles Vol 1/Materials/Star3bcg.mat
  artifactKey: Guid(9509d65f44bec55498ba99d0a564e28b) Importer(815301076,1909f56bfc062723c751e8b465ee728b)
Start importing Assets/Hovl Studio/AAA Projectiles Vol 1/Materials/Star3bcg.mat using Guid(9509d65f44bec55498ba99d0a564e28b) Importer(815301076,1909f56bfc062723c751e8b465ee728b)  -> (artifact id: '746dd474ad128247c86462f1ad4154ab') in 0.002548 seconds 
========================================================================
Received Prepare
Registering precompiled user dll's ...
Registered in 0.008842 seconds.
Begin MonoManager ReloadAssembly
Symbol file LoadedFromMemory doesn't match image E:\Geometry-Rush\Library\PackageCache\com.unity.visualscripting@1.8.0\Editor\VisualScripting.Core\Dependencies\YamlDotNet\Unity.VisualScripting.YamlDotNet.dll
Symbol file LoadedFromMemory doesn't match image E:\Geometry-Rush\Library\PackageCache\com.unity.visualscripting@1.8.0\Editor\VisualScripting.Core\Dependencies\DotNetZip\Unity.VisualScripting.IonicZip.dll
Native extension for WindowsStandalone target not found
Native extension for Android target not found
Refreshing native plugins compatible for Editor in 1.02 ms, found 3 plugins.
Preloading 0 native plugins for Editor in 0.00 ms.
Mono: successfully reloaded assembly
- Completed reload, in  1.130 seconds
Domain Reload Profiling:
	ReloadAssembly (1130ms)
		BeginReloadAssembly (143ms)
			ExecutionOrderSort (0ms)
			DisableScriptedObjects (5ms)
			BackupInstance (0ms)
			ReleaseScriptingObjects (0ms)
			CreateAndSetChildDomain (41ms)
		EndReloadAssembly (876ms)
			LoadAssemblies (94ms)
			RebuildTransferFunctionScriptingTraits (0ms)
			SetupTypeCache (276ms)
			ReleaseScriptCaches (2ms)
			RebuildScriptCaches (59ms)
			SetupLoadedEditorAssemblies (377ms)
				LogAssemblyErrors (0ms)
				InitializePlatformSupportModulesInManaged (27ms)
				SetLoadedEditorAssemblies (0ms)
				RefreshPlugins (1ms)
				BeforeProcessingInitializeOnLoad (84ms)
				ProcessInitializeOnLoadAttributes (178ms)
				ProcessInitializeOnLoadMethodAttributes (80ms)
				AfterProcessingInitializeOnLoad (7ms)
				EditorAssembliesLoaded (0ms)
			ExecutionOrderSort2 (0ms)
			AwakeInstancesAfterBackupRestoration (16ms)
Platform modules already initialized, skipping
Refreshing native plugins compatible for Editor in 2.46 ms, found 3 plugins.
Preloading 0 native plugins for Editor in 0.00 ms.
Unloading 4603 Unused Serialized files (Serialized files now loaded: 0)
Unloading 24 unused Assets / (0.7 MB). Loaded Objects now: 5202.
Memory consumption went from 186.4 MB to 185.7 MB.
Total: 3.458500 ms (FindLiveObjects: 0.391100 ms CreateObjectMapping: 0.146400 ms MarkObjects: 2.591500 ms  DeleteObjects: 0.327700 ms)

AssetImportParameters requested are different than current active one (requested -> active):
  custom:video-decoder-ogg-theora: a1e56fd34408186e4bbccfd4996cb3dc -> 
  custom:container-muxer-webm: aa71ff27fc2769a1b78a27578f13a17b -> 
  custom:container-demuxer-webm: 4f35f7cbe854078d1ac9338744f61a02 -> 
  custom:video-encoder-webm-vp8: eb34c28f22e8b96e1ab97ce403110664 -> 
  custom:video-codec-MediaFoundation-h265: 746d11721c4dcdbdad8f713fa42b33f4 -> 
  custom:CustomObjectIndexerAttribute: 6b0e35c9178b02a6363f3721b7b8e397 -> 
  custom:audio-encoder-webm-vorbis: bf7c407c2cedff20999df2af8eb42d56 -> 
  custom:framework-win-MediaFoundation: 216162199b28c13a410421893ffa2e32 -> 
  custom:container-demuxer-ogg: 62fdf1f143b41e24485cea50d1cbac27 -> 
  custom:video-decoder-webm-vp8: 9c59270c3fd7afecdb556c50c9e8de78 -> 
  custom:audio-decoder-ogg-vorbis: bf7c407c2cedff20999df2af8eb42d56 -> 
========================================================================
Received Import Request.
  Time since last request: 425.836739 seconds.
  path: Assets/Scenes/TOEM_Copy.unity
  artifactKey: Guid(70ec6da17f10449478e69e4833dfe0c5) Importer(815301076,1909f56bfc062723c751e8b465ee728b)
Start importing Assets/Scenes/TOEM_Copy.unity using Guid(70ec6da17f10449478e69e4833dfe0c5) Importer(815301076,1909f56bfc062723c751e8b465ee728b)  -> (artifact id: '83d0b0d34fd5d9ed8b82c092b89a370c') in 0.013181 seconds 
========================================================================
Received Import Request.
  Time since last request: 3231.503748 seconds.
  path: Packages/com.unity.render-pipelines.universal/Shaders/BakedLitInput.hlsl
  artifactKey: Guid(463a8185744c2459f8e621f4e4eb74d3) Importer(815301076,1909f56bfc062723c751e8b465ee728b)
Start importing Packages/com.unity.render-pipelines.universal/Shaders/BakedLitInput.hlsl using Guid(463a8185744c2459f8e621f4e4eb74d3) Importer(815301076,1909f56bfc062723c751e8b465ee728b)  -> (artifact id: 'f1c641dc5172166d8a7e2b1f6cfab888') in 0.034135 seconds 
========================================================================
Received Import Request.
  Time since last request: 0.000033 seconds.
  path: Packages/com.unity.render-pipelines.universal/Shaders/LitMetaPass.hlsl
  artifactKey: Guid(dcf4e762d48204e33b575f8007e3d563) Importer(815301076,1909f56bfc062723c751e8b465ee728b)
Start importing Packages/com.unity.render-pipelines.universal/Shaders/LitMetaPass.hlsl using Guid(dcf4e762d48204e33b575f8007e3d563) Importer(815301076,1909f56bfc062723c751e8b465ee728b)  -> (artifact id: 'dd8df9a141f55c8ff9874a330ba96ebd') in 0.002924 seconds 
========================================================================
Received Import Request.
  Time since last request: 0.000023 seconds.
  path: Packages/com.unity.render-pipelines.universal/Shaders/SimpleLitGBufferPass.hlsl
  artifactKey: Guid(5f8cea4f4fce7414ab78bcbf51dca71c) Importer(815301076,1909f56bfc062723c751e8b465ee728b)
Start importing Packages/com.unity.render-pipelines.universal/Shaders/SimpleLitGBufferPass.hlsl using Guid(5f8cea4f4fce7414ab78bcbf51dca71c) Importer(815301076,1909f56bfc062723c751e8b465ee728b)  -> (artifact id: '9efa1c0ce4be3ee5ad0cf9fedcc04c88') in 0.002312 seconds 
========================================================================
Received Import Request.
  Time since last request: 0.000019 seconds.
  path: Packages/com.unity.render-pipelines.universal/Shaders/LitDepthNormalsPass.hlsl
  artifactKey: Guid(d6641dcdedd1f422aa58ffec746e5342) Importer(815301076,1909f56bfc062723c751e8b465ee728b)
Start importing Packages/com.unity.render-pipelines.universal/Shaders/LitDepthNormalsPass.hlsl using Guid(d6641dcdedd1f422aa58ffec746e5342) Importer(815301076,1909f56bfc062723c751e8b465ee728b)  -> (artifact id: 'aa06ce5036f3ac65de3c21d29a70ab76') in 0.002522 seconds 
========================================================================
Received Import Request.
  Time since last request: 0.000018 seconds.
  path: Packages/com.unity.render-pipelines.universal/Shaders/Unity.RenderPipelines.Universal.Shaders.asmdef
  artifactKey: Guid(b4517ec124862cb4bb3b8b27d72843a6) Importer(815301076,1909f56bfc062723c751e8b465ee728b)
Start importing Packages/com.unity.render-pipelines.universal/Shaders/Unity.RenderPipelines.Universal.Shaders.asmdef using Guid(b4517ec124862cb4bb3b8b27d72843a6) Importer(815301076,1909f56bfc062723c751e8b465ee728b)  -> (artifact id: '928f39179317dd1b8b91edff877a2307') in 0.004266 seconds 
========================================================================
Received Import Request.
  Time since last request: 0.000033 seconds.
  path: Packages/com.unity.render-pipelines.universal/Shaders/SimpleLitMetaPass.hlsl
  artifactKey: Guid(ffc632d1e38ef4682807a89afb2b966f) Importer(815301076,1909f56bfc062723c751e8b465ee728b)
Start importing Packages/com.unity.render-pipelines.universal/Shaders/SimpleLitMetaPass.hlsl using Guid(ffc632d1e38ef4682807a89afb2b966f) Importer(815301076,1909f56bfc062723c751e8b465ee728b)  -> (artifact id: 'f64da9f53cd48c7b00d0b3f1b6fe4980') in 0.002538 seconds 
========================================================================
Received Import Request.
  Time since last request: 0.000019 seconds.
  path: Packages/com.unity.render-pipelines.universal/Shaders/SimpleLitInput.hlsl
  artifactKey: Guid(ad863d097888f42c6bcf419efb2946c5) Importer(815301076,1909f56bfc062723c751e8b465ee728b)
Start importing Packages/com.unity.render-pipelines.universal/Shaders/SimpleLitInput.hlsl using Guid(ad863d097888f42c6bcf419efb2946c5) Importer(815301076,1909f56bfc062723c751e8b465ee728b)  -> (artifact id: '4211032e271022633f81b2fc1e25f208') in 0.003182 seconds 
========================================================================
Received Import Request.
  Time since last request: 0.000023 seconds.
  path: Packages/com.unity.render-pipelines.universal/Shaders/DepthOnlyPass.hlsl
  artifactKey: Guid(0acd4fdbcf0cf654a9cdf3e9ccc2edce) Importer(815301076,1909f56bfc062723c751e8b465ee728b)
Start importing Packages/com.unity.render-pipelines.universal/Shaders/DepthOnlyPass.hlsl using Guid(0acd4fdbcf0cf654a9cdf3e9ccc2edce) Importer(815301076,1909f56bfc062723c751e8b465ee728b)  -> (artifact id: '09ae3adc456b351b1d8b0693b9dcbfc9') in 0.003165 seconds 
========================================================================
Received Import Request.
  Time since last request: 0.000024 seconds.
  path: Packages/com.unity.render-pipelines.universal/Shaders/SimpleLitDepthNormalsPass.hlsl
  artifactKey: Guid(a63ccbef6bed14464a35b8a62ee9b775) Importer(815301076,1909f56bfc062723c751e8b465ee728b)
Start importing Packages/com.unity.render-pipelines.universal/Shaders/SimpleLitDepthNormalsPass.hlsl using Guid(a63ccbef6bed14464a35b8a62ee9b775) Importer(815301076,1909f56bfc062723c751e8b465ee728b)  -> (artifact id: 'b7334329c72b2b75ddf93b5a9c69c537') in 0.002667 seconds 
========================================================================
Received Import Request.
  Time since last request: 0.000023 seconds.
  path: Packages/com.unity.render-pipelines.universal/Shaders/DepthNormalsPass.hlsl
  artifactKey: Guid(b76d45ea333b2a049bc45c5328ef3e7c) Importer(815301076,1909f56bfc062723c751e8b465ee728b)
Start importing Packages/com.unity.render-pipelines.universal/Shaders/DepthNormalsPass.hlsl using Guid(b76d45ea333b2a049bc45c5328ef3e7c) Importer(815301076,1909f56bfc062723c751e8b465ee728b)  -> (artifact id: '7ba07b4e5368863d2f6b1ac9be8a7d51') in 0.002695 seconds 
========================================================================
Received Import Request.
  Time since last request: 2.084424 seconds.
  path: Packages/com.unity.render-pipelines.universal/Shaders/UnlitDepthNormalsPass.hlsl
  artifactKey: Guid(ce8b43269e26f4263ac0da53665264b9) Importer(815301076,1909f56bfc062723c751e8b465ee728b)
Start importing Packages/com.unity.render-pipelines.universal/Shaders/UnlitDepthNormalsPass.hlsl using Guid(ce8b43269e26f4263ac0da53665264b9) Importer(815301076,1909f56bfc062723c751e8b465ee728b)  -> (artifact id: 'fc44f6ce55097eb953b53fb3bb1b226d') in 0.004753 seconds 
========================================================================
Received Import Request.
  Time since last request: 0.000026 seconds.
  path: Packages/com.unity.render-pipelines.universal/Shaders/UnlitInput.hlsl
  artifactKey: Guid(e7ba75cc852b14b7f934978b5697bf1b) Importer(815301076,1909f56bfc062723c751e8b465ee728b)
Start importing Packages/com.unity.render-pipelines.universal/Shaders/UnlitInput.hlsl using Guid(e7ba75cc852b14b7f934978b5697bf1b) Importer(815301076,1909f56bfc062723c751e8b465ee728b)  -> (artifact id: 'b797785d867a2174803039fef3d1b430') in 0.002647 seconds 
Editor requested this worker to shutdown with reason: Scaling down because of idle timeout
AssetImportWorker is now disconnected from the server
Process exiting
Exiting without the bug reporter. Application will terminate with return code 0