
=== Sun Aug  6 23:38:50 2023

Packages were changed.
Update Mode: mergeDefaultDependencies

The following packages were added:
  com.unity.collab-proxy@1.13.5
  com.unity.ide.visualstudio@2.0.11
  com.unity.modules.ai@1.0.0
  com.unity.modules.autostreaming@1.0.0
  com.unity.modules.cloth@1.0.0
  com.unity.modules.director@1.0.0
  com.unity.modules.physics@1.0.0
  com.unity.modules.terrain@1.0.0
  com.unity.modules.terrainphysics@1.0.0
  com.unity.modules.umbra@1.0.0
  com.unity.modules.vehicles@1.0.0
  com.unity.modules.vr@1.0.0
  com.unity.modules.wind@1.0.0
  com.unity.modules.xr@1.0.0
  com.unity.timeline@1.4.8
The following packages were updated:
  com.unity.2d.animation from version 3.2.6 to 5.0.8
  com.unity.2d.pixel-perfect from version 2.0.4 to 4.0.1
  com.unity.2d.psdimporter from version 2.1.6 to 4.1.1
  com.unity.2d.spriteshape from version 3.0.14 to 5.1.5
  com.unity.ide.rider from version 1.1.4 to 2.0.7
  com.unity.ide.vscode from version 1.2.3 to 1.2.4
  com.unity.mobile.android-logcat from version 1.2.0 to 1.2.3
  com.unity.mobile.notifications from version 1.0.3 to 1.4.2
  com.unity.test-framework from version 1.1.20 to 1.1.29
  com.unity.textmeshpro from version 2.1.3 to 3.0.6

=== Wed Aug 23 20:16:02 2023

Packages were changed.
Update Mode: updateDependencies

The following packages were updated:
  com.unity.2d.animation from version 5.0.8 to 7.0.11
  com.unity.2d.pixel-perfect from version 4.0.1 to 5.0.3
  com.unity.2d.psdimporter from version 4.1.1 to 6.0.7
  com.unity.2d.spriteshape from version 5.1.5 to 7.0.7
  com.unity.cinemachine from version 2.6.17 to 2.8.9
  com.unity.collab-proxy from version 1.13.5 to 2.0.5
  com.unity.ide.rider from version 2.0.7 to 3.0.24
  com.unity.ide.visualstudio from version 2.0.11 to 2.0.18
  com.unity.ide.vscode from version 1.2.4 to 1.2.5
  com.unity.mobile.android-logcat from version 1.2.3 to 1.3.2
  com.unity.mobile.notifications from version 1.4.2 to 2.2.0
  com.unity.postprocessing from version 3.1.1 to 3.2.2
  com.unity.render-pipelines.universal from version 10.6.0 to 12.1.12
  com.unity.test-framework from version 1.1.29 to 1.1.33
  com.unity.timeline from version 1.4.8 to 1.6.5
